argv[ 0 ]: physics_demo.exe
argv[ 0 ]: physics_demo.exe
argv[ 1 ]: /1D
argv[ 2 ]: /v4
argv[ 3 ]: /i
Using interactive mode
Please enter a height (ft):
Please enter the number of points:
Name                    Value
==================================
y_init (ft):            100.0000
y_final (ft):           381723073712817330000000000000000000000000000000000000000000000000000000000000000000000000000000000000000000000000000000000000000000000000000000000000000000000000000000000000000000000000000000000000000000000000000000000000000000000000000000000000000000000000000000000.0000
t_init (s):               0.0000
t_final (s):              0.0000
v_y_init (ft/s):          0.0000
v_y_final (ft/s):         0.0000
==================================

Index   Time (s)     y_time (ft)   v_y_time (ft/s)
================================================
================================================
