argv[ 0 ]: physics_demo.exe
argv[ 0 ]: physics_demo.exe
argv[ 1 ]: /1D
argv[ 2 ]: /v4
argv[ 3 ]: /p
argv[ 4 ]: 100.0
argv[ 5 ]: 11
Using parametric mode
Name                    Value
==================================
y_init (ft):            100.0000
y_final (ft):            -0.0000
t_init (s):               0.0000
t_final (s):              2.4922
v_y_init (ft/s):          0.0000
v_y_final (ft/s):       -80.2496
==================================

Index   Time (s)     y_time (ft)   v_y_time (ft/s)
================================================
0        0.0000       100.0000         0.0000
1        0.2492        99.0000        -8.0250
2        0.4984        96.0000       -16.0499
3        0.7477        91.0000       -24.0749
4        0.9969        84.0000       -32.0998
5        1.2461        75.0000       -40.1248
6        1.4953        64.0000       -48.1498
7        1.7446        51.0000       -56.1747
8        1.9938        36.0000       -64.1997
9        2.2430        19.0000       -72.2246
10        2.4922        -0.0000       -80.2496
================================================
