argv[ 0 ]: physics_demo.exe
argv[ 0 ]: physics_demo.exe
argv[ 1 ]: /2D
argv[ 2 ]: /v4
argv[ 3 ]: /p
argv[ 4 ]: 100.0
argv[ 5 ]: .785
argv[ 6 ]: 11
Using parametric mode
Name                        Value
========================================================================================
t_init (ft):               0.0000
t_final (s):               2.0953
theta (radians):           0.7850
y_init (ft):               0.0000
y_final (ft):             77.4175
v_y_init (ft/s):          70.6825
v_y_final (ft/s):          3.2143
x_init (ft):               0.0000
x_final (ft):            148.2180
v_x_init (ft/s):          70.7388
v_x_final (ft/s):         70.7388
========================================================================================

index      time (s)      x_time (ft)    v_x_time (ft/s)    y_time (ft)   v_y_time (ft/s)
========================================================================================
0           0.0000          0.0000          70.7388           0.0000      70.6825
1           0.2095         14.8218          70.7388          14.1032      63.9357
2           0.4191         29.6436          70.7388          26.7927      57.1889
3           0.6286         44.4654          70.7388          38.0686      50.4421
4           0.8381         59.2872          70.7388          47.9308      43.6952
5           1.0476         74.1090          70.7388          56.3794      36.9484
6           1.2572         88.9308          70.7388          63.4143      30.2016
7           1.4667        103.7526          70.7388          69.0356      23.4548
8           1.6762        118.5744          70.7388          73.2432      16.7080
9           1.8858        133.3962          70.7388          76.0372       9.9612
10           2.0953        148.2180          70.7388          77.4175       3.2143
========================================================================================
