argv[ 0 ]: physics_demo.exe
argv[ 0 ]: physics_demo.exe
argv[ 1 ]: /2D
argv[ 2 ]: /v4
argv[ 3 ]: /i
Using interactive mode
Please enter a velocity (ft/s):
Please enter an angle (radians):
Please enter the number of points:
Name                        Value
========================================================================================
t_init (ft):               0.0000
t_final (s):              -0.0000
theta (radians):           0.7850
y_init (ft):               0.0000
y_final (ft):            381723073712817330000000000000000000000000000000000000000000000000000000000000000000000000000000000000000000000000000000000000000000000000000000000000000000000000000000000000000000000000000000000000000000000000000000000000000000000000000000000000000000000000000000000.0000
v_y_init (ft/s):          70.6825
v_y_final (ft/s):          0.0000
x_init (ft):               0.0000
x_final (ft):              0.0000
v_x_init (ft/s):          70.7388
v_x_final (ft/s):          0.0000
========================================================================================

index      time (s)      x_time (ft)    v_x_time (ft/s)    y_time (ft)   v_y_time (ft/s)
========================================================================================
========================================================================================
