argv[ 0 ]: physics_demo.exe
argv[ 0 ]: physics_demo.exe
argv[ 1 ]: /beam
argv[ 2 ]: /v4
argv[ 3 ]: /i
Using interactive mode
Enter in the (distributed) load (lbs):
Enter in the length of the beam (ft):
Enter in the number of points:
Index   W (lbs)         L (ft)         a (pts)      R1 (lbs)        R2 (lbs)
===========================================================================
0      100.0000        10.0000         0.0000       100.0000         0.0000
1      100.0000        10.0000         1.0000        90.0000        10.0000
2      100.0000        10.0000         2.0000        80.0000        20.0000
3      100.0000        10.0000         3.0000        70.0000        30.0000
4      100.0000        10.0000         4.0000        60.0000        40.0000
5      100.0000        10.0000         5.0000        50.0000        50.0000
6      100.0000        10.0000         6.0000        40.0000        60.0000
7      100.0000        10.0000         7.0000        30.0000        70.0000
8      100.0000        10.0000         8.0000        20.0000        80.0000
9      100.0000        10.0000         9.0000        10.0000        90.0000
10      100.0000        10.0000        10.0000         0.0000       100.0000
===========================================================================

Name                    Value
================================
W (lbs):                1100.0000
L (ft):                  10.0000
R1 (lbs):               550.0000
R2 (lbs):               550.0000
================================
